<?xml version="1.0" encoding="UTF-8"?>
<!-- Generated by org.testng.reporters.JUnitReportReporter -->
<testsuite hostname="Ganesh-PC" failures="0" tests="1" name="com.inetBanking.testCases.TC_LoginTest_001" time="22.240" errors="0" timestamp="17 Aug 2022 07:02:25 GMT" skipped="0">
  <testcase classname="com.inetBanking.testCases.TC_LoginTest_001" name="loginTest" time="22.240"/>
</testsuite> <!-- com.inetBanking.testCases.TC_LoginTest_001 -->
