<?xml version="1.0" encoding="UTF-8"?>
<!-- Generated by org.testng.reporters.JUnitReportReporter -->
<testsuite hostname="Ganesh-PC" failures="0" tests="1" name="com.inetBanking.testCases.TC_LoginTest_001" time="24.818" errors="0" timestamp="16 Aug 2022 12:11:46 GMT" skipped="0">
  <testcase classname="com.inetBanking.testCases.TC_LoginTest_001" name="loginTest" time="24.818"/>
</testsuite> <!-- com.inetBanking.testCases.TC_LoginTest_001 -->
